[2025-09-23 17:30:48] [INFO] User login: admin (admin)
[2025-09-23 17:31:17] [INFO] User logout: admin (admin)
[2025-09-23 17:31:20] [INFO] User login: test_mekan (mekan)
[2025-09-23 17:31:46] [INFO] User logout: test_mekan (mekan)
[2025-09-23 17:33:09] [INFO] User login: test_kurye (kurye)
[2025-09-23 17:33:35] [INFO] User logout: test_kurye (kurye)
[2025-09-23 17:33:38] [INFO] User login: test_mekan (mekan)
[2025-09-23 17:35:24] [INFO] User logout: test_mekan (mekan)
[2025-09-23 17:35:26] [INFO] User login: admin (admin)
[2025-09-23 17:37:06] [INFO] User logout: admin (admin)
[2025-09-23 17:37:12] [INFO] User login: test_kurye (kurye)
[2025-09-23 17:44:41] [INFO] User logout: test_kurye (kurye)
[2025-09-23 17:44:43] [INFO] User login: admin (admin)
[2025-09-23 17:50:35] [INFO] User login: admin (admin)
[2025-09-23 17:57:00] [INFO] User logout: admin (admin)
[2025-09-23 17:57:03] [INFO] User login: test_mekan (mekan)
[2025-09-23 18:00:01] [INFO] User logout: test_mekan (mekan)
[2025-09-23 18:00:03] [INFO] User login: admin (admin)
[2025-09-23 18:04:45] [INFO] User login: test_kurye (kurye)
[2025-09-23 18:12:31] [INFO] User logout: admin (admin)
[2025-09-23 18:12:52] [INFO] User login: test_mekan (mekan)
[2025-09-23 18:19:24] [INFO] User login: admin (admin)
[2025-09-23 18:26:23] [INFO] User login: test_kurye (kurye)
[2025-09-23 18:31:49] [INFO] User logout: test_mekan (mekan)
[2025-09-23 18:31:52] [INFO] User login: admin (admin)
[2025-09-23 18:38:40] [INFO] User logout: admin (admin)
[2025-09-23 18:38:44] [INFO] User login: test_kurye (kurye)
[2025-09-23 18:42:52] [INFO] User logout: admin (admin)
[2025-09-23 18:42:54] [INFO] User login: test_mekan (mekan)
[2025-09-23 18:47:56] [INFO] User logout: test_kurye (kurye)
[2025-09-23 18:47:58] [INFO] User login: test_kurye (kurye)
[2025-09-23 18:48:19] [INFO] User logout: test_mekan (mekan)
[2025-09-23 18:48:21] [INFO] User login: admin (admin)
[2025-09-23 19:18:14] [INFO] User logout: test_kurye (kurye)
[2025-09-23 19:18:17] [INFO] User login: test_mekan (mekan)
[2025-09-23 19:19:00] [INFO] User logout: test_mekan (mekan)
[2025-09-23 19:19:02] [INFO] User login: test_kurye (kurye)
[2025-09-23 22:18:38] [INFO] User logout: admin (admin)
[2025-09-23 22:18:41] [INFO] User login: admin (admin)
[2025-09-23 23:38:26] [INFO] User login: test_kurye (kurye)
[2025-09-23 23:59:35] [INFO] User logout: test_kurye (kurye)
[2025-09-23 23:59:39] [INFO] User login: test_mekan (mekan)
[2025-09-24 00:00:27] [INFO] User logout: test_mekan (mekan)
[2025-09-24 00:00:31] [INFO] User login: test_kurye (kurye)
[2025-09-24 00:29:39] [INFO] User logout: test_kurye (kurye)
[2025-09-24 00:29:45] [INFO] User login: test_kurye (kurye)
[2025-09-24 00:29:58] [INFO] User logout: test_kurye (kurye)
[2025-09-24 00:30:00] [INFO] User login: test_mekan (mekan)
[2025-09-24 00:30:59] [INFO] User logout: test_mekan (mekan)
[2025-09-24 00:31:03] [INFO] User login: test_kurye (kurye)
[2025-09-24 01:03:50] [INFO] User logout: admin (admin)
[2025-09-24 01:03:53] [INFO] User login: test_kurye (kurye)
[2025-09-24 01:03:57] [INFO] User logout: test_kurye (kurye)
[2025-09-24 01:04:28] [INFO] User login: test_mekan (mekan)
[2025-09-24 01:04:56] [INFO] User logout: test_mekan (mekan)
[2025-09-24 01:04:59] [INFO] User login: test_kurye (kurye)
[2025-09-24 01:08:14] [INFO] User logout: test_kurye (kurye)
[2025-09-24 01:08:17] [INFO] User login: test_mekan (mekan)
[2025-09-24 01:45:56] [INFO] User logout: admin (admin)
[2025-09-24 01:46:02] [INFO] User login: onur (admin)
[2025-09-24 02:15:42] [INFO] User login: test_kurye (kurye)
[2025-09-24 02:17:50] [INFO] User login: test_kurye (kurye)
[2025-09-24 02:37:02] [INFO] User login: test_kurye (kurye)
[2025-09-24 02:40:50] [INFO] User login: test_kurye (kurye)
[2025-09-24 02:59:42] [INFO] User logout: test_kurye (kurye)
[2025-09-24 02:59:46] [INFO] User login: test_kurye (kurye)
[2025-09-24 03:21:38] [INFO] User login: admin (admin)
[2025-09-24 03:44:14] [INFO] User logout: test_kurye (kurye)
[2025-09-24 03:44:17] [INFO] User login: test_mekan (mekan)
[2025-09-24 04:07:50] [INFO] User logout: test_mekan (mekan)
[2025-09-24 04:07:53] [INFO] User login: test_kurye (kurye)
[2025-09-24 04:27:13] [INFO] User logout: test_kurye (kurye)
[2025-09-24 04:27:19] [INFO] User login: test_mekan (mekan)
[2025-09-24 04:27:41] [INFO] User logout: test_mekan (mekan)
[2025-09-24 04:27:46] [INFO] User login: test_kurye (kurye)
[2025-09-24 04:29:43] [INFO] User logout: onur (admin)
[2025-09-24 04:29:46] [INFO] User login: test_mekan (mekan)
[2025-09-24 13:31:46] [INFO] User logout: test_mekan (mekan)
[2025-09-24 13:31:50] [INFO] User login: admin (admin)
[2025-09-24 13:34:48] [INFO] User logout: test_kurye (kurye)
[2025-09-24 13:34:50] [INFO] User login: test_mekan (mekan)
[2025-09-24 14:55:07] [INFO] User logout: test_mekan (mekan)
[2025-09-24 15:54:14] [INFO] User login: admin (admin)
[2025-09-24 15:58:22] [INFO] User login: test_mekan (mekan)
[2025-09-24 16:00:16] [INFO] User login: test_kurye (kurye)
[2025-09-24 16:01:39] [INFO] User login: test_kurye (kurye)
[2025-09-24 16:12:55] [INFO] User logout: test_mekan (mekan)
[2025-09-24 16:12:57] [INFO] User login: test_kurye (kurye)
[2025-09-24 16:13:09] [INFO] User logout: test_kurye (kurye)
[2025-09-24 16:13:14] [INFO] User login: test_mekan (mekan)
[2025-09-24 16:31:54] [INFO] User logout: test_mekan (mekan)
[2025-09-24 16:31:57] [INFO] User login: test_kurye (kurye)
[2025-09-24 17:10:32] [INFO] User logout: test_kurye (kurye)
[2025-09-24 17:10:34] [INFO] User login: test_mekan (mekan)
[2025-09-24 17:11:06] [INFO] User logout: test_mekan (mekan)
[2025-09-24 17:11:09] [INFO] User login: test_kurye (kurye)
[2025-09-24 17:29:24] [INFO] User logout: test_kurye (kurye)
[2025-09-24 17:29:28] [INFO] User login: test_mekan (mekan)
[2025-09-24 17:29:55] [INFO] User logout: test_mekan (mekan)
[2025-09-24 17:29:58] [INFO] User login: test_kurye (kurye)
[2025-09-24 17:35:29] [INFO] User logout: test_kurye (kurye)
[2025-09-24 17:35:32] [INFO] User login: test_mekan (mekan)
[2025-09-24 17:36:19] [INFO] User logout: test_mekan (mekan)
[2025-09-24 17:36:21] [INFO] User login: test_kurye (kurye)
[2025-09-24 17:44:44] [INFO] User logout: test_kurye (kurye)
[2025-09-24 17:44:46] [INFO] User login: test_mekan (mekan)
[2025-09-24 17:45:07] [INFO] User logout: test_mekan (mekan)
[2025-09-24 17:45:10] [INFO] User login: test_kurye (kurye)
[2025-09-24 17:51:33] [INFO] User logout: test_kurye (kurye)
[2025-09-24 17:51:37] [INFO] User login: test_mekan (mekan)
[2025-09-24 17:51:58] [INFO] User logout: test_mekan (mekan)
[2025-09-24 17:52:01] [INFO] User login: test_kurye (kurye)
[2025-09-24 17:54:20] [INFO] User logout: test_kurye (kurye)
[2025-09-24 17:54:23] [INFO] User login: test_mekan (mekan)
[2025-09-24 17:54:58] [INFO] User logout: test_mekan (mekan)
[2025-09-24 17:55:01] [INFO] User login: test_kurye (kurye)
[2025-09-24 18:01:49] [INFO] User logout: test_kurye (kurye)
[2025-09-24 18:01:51] [INFO] User login: test_mekan (mekan)
[2025-09-24 18:02:01] [INFO] User logout: test_mekan (mekan)
[2025-09-24 18:02:03] [INFO] User login: test_kurye (kurye)
[2025-09-24 18:02:18] [INFO] User logout: test_kurye (kurye)
[2025-09-24 18:02:20] [INFO] User login: test_mekan (mekan)
[2025-09-24 18:02:27] [INFO] User logout: test_mekan (mekan)
[2025-09-24 18:03:01] [INFO] User login: test_kurye (kurye)
[2025-09-24 18:03:45] [INFO] User logout: test_kurye (kurye)
[2025-09-24 18:03:47] [INFO] User login: test_mekan (mekan)
[2025-09-24 18:04:02] [INFO] User logout: test_mekan (mekan)
[2025-09-24 18:04:04] [INFO] User login: test_kurye (kurye)
[2025-09-24 18:29:01] [INFO] User logout: test_kurye (kurye)
[2025-09-24 18:29:03] [INFO] User login: test_mekan (mekan)
[2025-09-24 18:34:04] [INFO] User logout: test_mekan (mekan)
[2025-09-24 18:34:06] [INFO] User login: test_kurye (kurye)
[2025-09-24 18:39:18] [INFO] User logout: test_kurye (kurye)
[2025-09-24 18:39:20] [INFO] User login: test_mekan (mekan)
[2025-09-24 18:39:39] [INFO] User logout: test_mekan (mekan)
[2025-09-24 18:39:40] [INFO] User login: test_kurye (kurye)
[2025-09-24 19:04:33] [INFO] User logout: test_kurye (kurye)
[2025-09-24 19:04:35] [INFO] User login: test_mekan (mekan)
[2025-09-24 19:05:00] [INFO] User logout: test_mekan (mekan)
[2025-09-24 19:05:05] [INFO] User login: test_kurye (kurye)
[2025-09-24 19:36:32] [INFO] User logout: test_kurye (kurye)
[2025-09-24 19:36:35] [INFO] User login: test_mekan (mekan)
[2025-09-24 19:37:06] [INFO] User logout: test_mekan (mekan)
[2025-09-24 19:37:10] [INFO] User login: test_kurye (kurye)
[2025-09-24 19:52:49] [INFO] User logout: test_kurye (kurye)
[2025-09-24 19:52:58] [INFO] User login: test_mekan (mekan)
[2025-09-24 19:53:19] [INFO] User logout: test_mekan (mekan)
[2025-09-24 19:53:21] [INFO] User login: test_kurye (kurye)
[2025-09-24 22:03:03] [INFO] User logout: test_kurye (kurye)
[2025-09-24 22:03:05] [INFO] User login: test_mekan (mekan)
[2025-09-24 22:03:26] [INFO] User logout: test_mekan (mekan)
[2025-09-24 22:03:29] [INFO] User login: test_kurye (kurye)
[2025-09-24 22:05:50] [INFO] User logout: test_kurye (kurye)
[2025-09-24 22:21:50] [INFO] User login: test_mekan (mekan)
[2025-09-24 22:22:01] [INFO] User logout: test_mekan (mekan)
[2025-09-24 22:22:03] [INFO] User login: test_kurye (kurye)
[2025-09-24 22:24:13] [INFO] User logout: test_kurye (kurye)
[2025-09-24 22:24:16] [INFO] User login: test_mekan (mekan)
[2025-09-24 22:25:30] [INFO] User logout: test_mekan (mekan)
[2025-09-24 22:26:13] [INFO] User login: test_kurye (kurye)
[2025-09-24 22:50:21] [INFO] User logout: test_kurye (kurye)
[2025-09-24 22:50:25] [INFO] User login: test_mekan (mekan)
[2025-09-24 22:50:36] [INFO] User logout: test_mekan (mekan)
[2025-09-24 22:50:41] [INFO] User login: 2 (kurye)
[2025-09-24 22:52:19] [INFO] User logout: 2 (kurye)
[2025-09-24 22:53:07] [WARNING] Failed login attempt: mekan2
[2025-09-24 22:53:11] [WARNING] Failed login attempt: mekan2
[2025-09-24 22:53:17] [WARNING] Failed login attempt: mekan2
[2025-09-24 22:53:40] [INFO] User login: mekan2 (mekan)
[2025-09-24 22:53:53] [INFO] User logout: mekan2 (mekan)
[2025-09-24 22:53:59] [INFO] User login: 2 (kurye)
[2025-09-25 00:17:36] [INFO] User logout: 2 (kurye)
[2025-09-25 00:17:39] [INFO] User login: 2 (kurye)
[2025-09-25 00:17:45] [INFO] User logout: 2 (kurye)
[2025-09-25 00:17:53] [WARNING] Failed login attempt: mekan2
[2025-09-25 00:17:57] [INFO] User login: mekan2 (mekan)
[2025-09-25 00:18:10] [INFO] User logout: mekan2 (mekan)
[2025-09-25 00:18:13] [INFO] User login: 2 (kurye)
[2025-09-25 13:37:28] [INFO] User logout: 2 (kurye)
[2025-09-25 13:37:33] [INFO] User login: test_mekan (mekan)
[2025-09-25 13:37:42] [INFO] User logout: test_mekan (mekan)
[2025-09-25 13:37:47] [INFO] User login: test_kurye (kurye)
[2025-09-25 13:43:07] [INFO] User logout: test_kurye (kurye)
[2025-09-25 13:43:24] [INFO] User login: admin (admin)
[2025-09-25 13:47:00] [INFO] User logout: admin (admin)
[2025-09-25 13:47:05] [INFO] User login: test_mekan (mekan)
[2025-09-25 15:50:33] [INFO] User logout: test_mekan (mekan)
[2025-09-25 15:50:38] [INFO] User login: test_kurye (kurye)
[2025-09-25 15:50:53] [INFO] User logout: admin (admin)
[2025-09-25 15:50:56] [INFO] User login: test_mekan (mekan)
[2025-09-25 17:13:24] [INFO] User logout: test_mekan (mekan)
[2025-09-25 17:13:28] [INFO] User login: admin (admin)
[2025-09-26 01:42:45] [INFO] User login: test_kurye (kurye)
[2025-09-26 02:07:13] [INFO] User logout: test_kurye (kurye)
[2025-09-26 03:47:16] [INFO] User login: test_mekan (mekan)
[2025-09-26 03:47:45] [INFO] User logout: test_mekan (mekan)
[2025-09-26 03:47:47] [INFO] User login: test_kurye (kurye)
[2025-09-26 04:01:33] [INFO] User login: test_kurye (kurye)
[2025-09-26 04:01:44] [INFO] User logout: test_kurye (kurye)
[2025-09-26 04:01:52] [INFO] User logout: test_kurye (kurye)
[2025-09-26 04:01:55] [WARNING] Failed login attempt: admin
[2025-09-26 04:01:59] [WARNING] Failed login attempt: admin
[2025-09-26 04:02:04] [WARNING] Failed login attempt: admin
[2025-09-26 04:02:15] [WARNING] Failed login attempt: onur
[2025-09-26 04:02:21] [WARNING] Failed login attempt: onur
[2025-09-26 04:02:24] [INFO] User login: test_mekan (mekan)
[2025-09-26 04:02:26] [INFO] User logout: test_mekan (mekan)
[2025-09-26 04:03:04] [INFO] User login: admin (admin)
[2025-09-26 04:03:33] [INFO] User login: test_mekan (mekan)
[2025-09-26 04:13:27] [INFO] User logout: test_mekan (mekan)
[2025-09-26 04:13:30] [INFO] User login: test_kurye (kurye)
[2025-09-26 04:28:12] [INFO] User logout: test_kurye (kurye)
[2025-09-26 04:28:17] [INFO] User login: test_mekan (mekan)
[2025-09-26 07:20:47] [INFO] User logout: admin (admin)
[2025-09-26 07:22:08] [WARNING] Failed login attempt: admin
[2025-09-26 07:22:12] [INFO] User login: admin (admin)
[2025-09-26 07:54:43] [INFO] User logout: admin (admin)
[2025-09-26 07:54:56] [WARNING] Failed login attempt: admin
[2025-09-26 07:54:58] [INFO] User login: admin (admin)
[2025-09-26 17:35:17] [INFO] User logout: test_mekan (mekan)
[2025-09-26 17:38:12] [INFO] User login: test_mekan (mekan)
[2025-09-26 18:50:22] [INFO] User logout: test_mekan (mekan)
[2025-09-26 18:50:24] [INFO] User login: test_mekan (mekan)
[2025-09-26 19:00:13] [INFO] User login: test_mekan (mekan)
[2025-10-04 12:18:01] [WARNING] Failed login attempt: admin
[2025-10-04 12:18:04] [INFO] User login: admin (admin)
[2025-10-04 12:47:32] [INFO] User logout: admin (admin)
[2025-10-04 12:48:30] [INFO] User login: admin (admin)
[2025-10-04 12:53:07] [INFO] User logout: admin (admin)
[2025-10-04 12:53:12] [INFO] User login: test_mekan (mekan)
[2025-10-04 12:54:20] [INFO] User logout: test_mekan (mekan)
[2025-10-04 12:54:25] [INFO] User login: test_kurye (kurye)
[2025-10-04 12:55:39] [INFO] User login: test_mekan (mekan)
[2025-10-04 13:01:54] [INFO] User logout: test_mekan (mekan)
[2025-10-04 13:01:58] [INFO] User login: test_kurye (kurye)
[2025-10-04 13:04:48] [INFO] User logout: test_kurye (kurye)
[2025-10-04 13:04:54] [INFO] User login: test_mekan (mekan)
[2025-10-07 15:22:17] [WARNING] Failed login attempt: admin
[2025-10-07 15:22:19] [INFO] User login: admin (admin)
[2025-10-14 21:29:02] [WARNING] Failed login attempt: admin
[2025-10-14 21:29:04] [INFO] User login: admin (admin)
[2025-10-14 21:36:29] [INFO] User logout: admin (admin)
